d:\승우\대학교\졸업 프로젝트\졸프 코드\imageprocessing_최종본\imageprocessingmfc\imageprocessingmfc\debug\imageprocessing.pch
d:\승우\대학교\졸업 프로젝트\졸프 코드\imageprocessing_최종본\imageprocessingmfc\imageprocessingmfc\debug\vc143.pdb
d:\승우\대학교\졸업 프로젝트\졸프 코드\imageprocessing_최종본\imageprocessingmfc\imageprocessingmfc\debug\vc143.idb
d:\승우\대학교\졸업 프로젝트\졸프 코드\imageprocessing_최종본\imageprocessingmfc\imageprocessingmfc\debug\pch.obj
d:\승우\대학교\졸업 프로젝트\졸프 코드\imageprocessing_최종본\imageprocessingmfc\imageprocessingmfc\debug\mainfrm.obj
d:\승우\대학교\졸업 프로젝트\졸프 코드\imageprocessing_최종본\imageprocessingmfc\imageprocessingmfc\debug\imageprocessingview.obj
d:\승우\대학교\졸업 프로젝트\졸프 코드\imageprocessing_최종본\imageprocessingmfc\imageprocessingmfc\debug\imageprocessingdoc.obj
d:\승우\대학교\졸업 프로젝트\졸프 코드\imageprocessing_최종본\imageprocessingmfc\imageprocessingmfc\debug\imageprocessing.obj
d:\승우\대학교\졸업 프로젝트\졸프 코드\imageprocessing_최종본\imageprocessingmfc\imageprocessingmfc\debug\cmodelessdlg.obj
d:\승우\대학교\졸업 프로젝트\졸프 코드\imageprocessing_최종본\imageprocessingmfc\imageprocessingmfc\debug\cinputdlg.obj
d:\승우\대학교\졸업 프로젝트\졸프 코드\imageprocessing_최종본\imageprocessingmfc\imageprocessingmfc\debug\childfrm.obj
d:\승우\대학교\졸업 프로젝트\졸프 코드\imageprocessing_최종본\imageprocessingmfc\imageprocessingmfc\debug\imageprocessing.exe
d:\승우\대학교\졸업 프로젝트\졸프 코드\imageprocessing_최종본\imageprocessingmfc\imageprocessingmfc\debug\imageprocessing.ilk
d:\승우\대학교\졸업 프로젝트\졸프 코드\imageprocessing_최종본\imageprocessingmfc\imageprocessingmfc\debug\imageprocessing.pdb
d:\승우\대학교\졸업 프로젝트\졸프 코드\imageprocessing_최종본\imageprocessingmfc\imageprocessingmfc\debug\imageprocessing.res
d:\승우\대학교\졸업 프로젝트\졸프 코드\imageprocessing_최종본\imageprocessingmfc\imageprocessingmfc\debug\imageprocessing.tlog\cl.command.1.tlog
d:\승우\대학교\졸업 프로젝트\졸프 코드\imageprocessing_최종본\imageprocessingmfc\imageprocessingmfc\debug\imageprocessing.tlog\cl.items.tlog
d:\승우\대학교\졸업 프로젝트\졸프 코드\imageprocessing_최종본\imageprocessingmfc\imageprocessingmfc\debug\imageprocessing.tlog\cl.read.1.tlog
d:\승우\대학교\졸업 프로젝트\졸프 코드\imageprocessing_최종본\imageprocessingmfc\imageprocessingmfc\debug\imageprocessing.tlog\cl.write.1.tlog
d:\승우\대학교\졸업 프로젝트\졸프 코드\imageprocessing_최종본\imageprocessingmfc\imageprocessingmfc\debug\imageprocessing.tlog\link.command.1.tlog
d:\승우\대학교\졸업 프로젝트\졸프 코드\imageprocessing_최종본\imageprocessingmfc\imageprocessingmfc\debug\imageprocessing.tlog\link.read.1.tlog
d:\승우\대학교\졸업 프로젝트\졸프 코드\imageprocessing_최종본\imageprocessingmfc\imageprocessingmfc\debug\imageprocessing.tlog\link.write.1.tlog
d:\승우\대학교\졸업 프로젝트\졸프 코드\imageprocessing_최종본\imageprocessingmfc\imageprocessingmfc\debug\imageprocessing.tlog\rc.command.1.tlog
d:\승우\대학교\졸업 프로젝트\졸프 코드\imageprocessing_최종본\imageprocessingmfc\imageprocessingmfc\debug\imageprocessing.tlog\rc.read.1.tlog
d:\승우\대학교\졸업 프로젝트\졸프 코드\imageprocessing_최종본\imageprocessingmfc\imageprocessingmfc\debug\imageprocessing.tlog\rc.write.1.tlog
